160415 12:50:20 mysqld_safe Starting mysqld daemon with databases from /var/lib/mysql
160415 12:50:20 [Note] /usr/sbin/mysqld (mysqld 5.5.47-0+deb7u1) starting as process 2121 ...
160415 12:50:20 [Note] Plugin 'FEDERATED' is disabled.
/usr/sbin/mysqld: Table 'mysql.plugin' doesn't exist
160415 12:50:20 [ERROR] Can't open the mysql.plugin table. Please run mysql_upgrade to create it.
160415 12:50:20 InnoDB: The InnoDB memory heap is disabled
160415 12:50:20 InnoDB: Mutexes and rw_locks use GCC atomic builtins
160415 12:50:20 InnoDB: Compressed tables use zlib 1.2.7
160415 12:50:20 InnoDB: Using Linux native AIO
160415 12:50:20 InnoDB: Initializing buffer pool, size = 128.0M
160415 12:50:20 InnoDB: Completed initialization of buffer pool
InnoDB: The first specified data file ./ibdata1 did not exist:
InnoDB: a new database to be created!
160415 12:50:20  InnoDB: Setting file ./ibdata1 size to 10 MB
InnoDB: Database physically writes the file full: wait...
160415 12:50:20  InnoDB: Log file ./ib_logfile0 did not exist: new to be created
InnoDB: Setting log file ./ib_logfile0 size to 5 MB
InnoDB: Database physically writes the file full: wait...
160415 12:50:20  InnoDB: Log file ./ib_logfile1 did not exist: new to be created
InnoDB: Setting log file ./ib_logfile1 size to 5 MB
InnoDB: Database physically writes the file full: wait...
InnoDB: Doublewrite buffer not found: creating new
InnoDB: Doublewrite buffer created
InnoDB: 127 rollback segment(s) active.
InnoDB: Creating foreign key constraint system tables
InnoDB: Foreign key constraint system tables created
160415 12:50:20  InnoDB: Waiting for the background threads to start
160415 12:50:21 InnoDB: 5.5.47 started; log sequence number 0
160415 12:50:21 [Note] Server hostname (bind-address): '0.0.0.0'; port: 3306
160415 12:50:21 [Note]   - '0.0.0.0' resolves to '0.0.0.0';
160415 12:50:21 [Note] Server socket created on IP: '0.0.0.0'.
160415 12:50:21 [ERROR] Fatal error: Can't open and lock privilege tables: Table 'mysql.host' doesn't exist
160415 12:50:21 mysqld_safe mysqld from pid file /var/lib/mysql/49afaf732846.pid ended
